ERROR:root:Error extracting entry text for Pikachu: list index out of range
ERROR:root:Error extracting entry text for Partner Pikachu: list index out of range
ERROR:root:Error extracting entry text for Raichu: list index out of range
ERROR:root:Error extracting entry text for Alolan Raichu: list index out of range
ERROR:root:Error extracting entry text for Vulpix: list index out of range
ERROR:root:Error extracting entry text for Alolan Vulpix: list index out of range
ERROR:root:Error extracting entry text for Ninetales: list index out of range
ERROR:root:Error extracting entry text for Alolan Ninetales: list index out of range
ERROR:root:Error extracting entry text for Paras: list index out of range
ERROR:root:Error extracting entry text for Parasect: list index out of range
ERROR:root:Error extracting entry text for Growlithe: list index out of range
ERROR:root:Error extracting entry text for Hisuian Growlithe: list index out of range
ERROR:root:Error extracting entry text for Arcanine: list index out of range
ERROR:root:Error extracting entry text for Hisuian Arcanine: list index out of range
ERROR:root:Error extracting entry text for Poliwag: list index out of range
ERROR:root:Error extracting entry text for Poliwhirl: list index out of range
ERROR:root:Error extracting entry text for Poliwrath: list index out of range
ERROR:root:Error extracting entry text for Ponyta: list index out of range
ERROR:root:Error extracting entry text for Galarian Ponyta: list index out of range
ERROR:root:Error extracting entry text for Rapidash: list index out of range
ERROR:root:Error extracting entry text for Galarian Rapidash: list index out of range
ERROR:root:Error extracting entry text for Seel: list index out of range
ERROR:root:Error extracting entry text for Dewgong: list index out of range
ERROR:root:Error extracting entry text for Koffing: list index out of range
ERROR:root:Error extracting entry text for Weezing: list index out of range
ERROR:root:Error extracting entry text for Galarian Weezing: list index out of range
ERROR:root:Error extracting entry text for Goldeen: list index out of range
ERROR:root:Error extracting entry text for Seaking: list index out of range
ERROR:root:Error extracting entry text for Mr. Mime: list index out of range
ERROR:root:Error extracting entry text for Galarian Mr. Mime: list index out of range
ERROR:root:Error extracting entry text for Jynx: list index out of range
ERROR:root:Error extracting entry text for Lapras: list index out of range
ERROR:root:Error extracting entry text for Vaporeon: list index out of range
ERROR:root:Error extracting entry text for Jolteon: list index out of range
ERROR:root:Error extracting entry text for Flareon: list index out of range
ERROR:root:Error extracting entry text for Snorlax: list index out of range
ERROR:root:Error extracting entry text for Cyndaquil: list index out of range
ERROR:root:Error extracting entry text for Quilava: list index out of range
ERROR:root:Error extracting entry text for Typhlosion: list index out of range
ERROR:root:Error extracting entry text for Hisuian Typhlosion: list index out of range
ERROR:root:Error extracting entry text for Chinchou: list index out of range
ERROR:root:Error extracting entry text for Lanturn: list index out of range
ERROR:root:Error extracting entry text for Pichu: list index out of range
ERROR:root:Error extracting entry text for Marill: list index out of range
ERROR:root:Error extracting entry text for Azumarill: list index out of range
ERROR:root:Error extracting entry text for Politoed: list index out of range
ERROR:root:Error extracting entry text for Wooper: list index out of range
ERROR:root:Error extracting entry text for Paldean Wooper: list index out of range
ERROR:root:Error extracting entry text for Quagsire: list index out of range
ERROR:root:Error extracting entry text for Girafarig: list index out of range
ERROR:root:Error extracting entry text for Swinub: list index out of range
ERROR:root:Error extracting entry text for Piloswine: list index out of range
ERROR:root:Error extracting entry text for Mantine: list index out of range
ERROR:root:Error extracting entry text for Houndour: list index out of range
ERROR:root:Error extracting entry text for Houndoom: list index out of range
ERROR:root:Error extracting entry text for Mega Houndoom: list index out of range
ERROR:root:Error extracting entry text for Stantler: list index out of range
ERROR:root:Error extracting entry text for Miltank: list index out of range
ERROR:root:Error extracting entry text for Makuhita: list index out of range
ERROR:root:Error extracting entry text for Hariyama: list index out of range
ERROR:root:Error extracting entry text for Azurill: list index out of range
ERROR:root:Error extracting entry text for Electrike: list index out of range
ERROR:root:Error extracting entry text for Manectric: list index out of range
ERROR:root:Error extracting entry text for Mega Manectric: list index out of range
ERROR:root:Error extracting entry text for Plusle: list index out of range
ERROR:root:Error extracting entry text for Minun: list index out of range
ERROR:root:Error extracting entry text for Camerupt: list index out of range
ERROR:root:Error extracting entry text for Mega Camerupt: list index out of range
ERROR:root:Error extracting entry text for Spoink: list index out of range
ERROR:root:Error extracting entry text for Grumpig: list index out of range
ERROR:root:Error extracting entry text for Cacnea: list index out of range
ERROR:root:Error extracting entry text for Cacturne: list index out of range
ERROR:root:Error extracting entry text for Lileep: list index out of range
ERROR:root:Error extracting entry text for Cradily: list index out of range
ERROR:root:Error extracting entry text for Duskull: list index out of range
ERROR:root:Error extracting entry text for Spheal: list index out of range
ERROR:root:Error extracting entry text for Sealeo: list index out of range
ERROR:root:Error extracting entry text for Walrein: list index out of range
ERROR:root:Error extracting entry text for Pachirisu: list index out of range
ERROR:root:Error extracting entry text for Shellos: list index out of range
ERROR:root:Error extracting entry text for Gastrodon: list index out of range
ERROR:root:Error extracting entry text for Purugly: list index out of range
ERROR:root:Error extracting entry text for Bronzor: list index out of range
ERROR:root:Error extracting entry text for Bronzong: list index out of range
ERROR:root:Error extracting entry text for Mime Jr.: list index out of range
ERROR:root:Error extracting entry text for Munchlax: list index out of range
ERROR:root:Error extracting entry text for Croagunk: list index out of range
ERROR:root:Error extracting entry text for Toxicroak: list index out of range
ERROR:root:Error extracting entry text for Finneon: list index out of range
ERROR:root:Error extracting entry text for Lumineon: list index out of range
ERROR:root:Error extracting entry text for Mantyke: list index out of range
ERROR:root:Error extracting entry text for Rhyperior: list index out of range
ERROR:root:Error extracting entry text for Electivire: list index out of range
ERROR:root:Error extracting entry text for Mamoswine: list index out of range
ERROR:root:Error extracting entry text for Heatran: list index out of range
ERROR:root:Error extracting entry text for Tepig: list index out of range
ERROR:root:Error extracting entry text for Pignite: list index out of range
ERROR:root:Error extracting entry text for Blitzle: list index out of range
ERROR:root:Error extracting entry text for Zebstrika: list index out of range
ERROR:root:Error extracting entry text for Tympole: list index out of range
ERROR:root:Error extracting entry text for Palpitoad: list index out of range
ERROR:root:Error extracting entry text for Seismitoad: list index out of range
ERROR:root:Error extracting entry text for Maractus: list index out of range
ERROR:root:Error extracting entry text for Tirtouga: list index out of range
ERROR:root:Error extracting entry text for Carracosta: list index out of range
ERROR:root:Error extracting entry text for Deerling: list index out of range
ERROR:root:Error extracting entry text for Sawsbuck: list index out of range
ERROR:root:Error extracting entry text for Emolga: list index out of range
ERROR:root:Error extracting entry text for Frillish: list index out of range
ERROR:root:Error extracting entry text for Jellicent: list index out of range
ERROR:root:Error extracting entry text for Litwick: list index out of range
ERROR:root:Error extracting entry text for Lampent: list index out of range
ERROR:root:Error extracting entry text for Chandelure: list index out of range
ERROR:root:Error extracting entry text for Bouffalant: list index out of range
ERROR:root:Error extracting entry text for Heatmor: list index out of range
ERROR:root:Error extracting entry text for Skiddo: list index out of range
ERROR:root:Error extracting entry text for Gogoat: list index out of range
ERROR:root:Error extracting entry text for Helioptile: list index out of range
ERROR:root:Error extracting entry text for Heliolisk: list index out of range
ERROR:root:Error extracting entry text for Goomy: list index out of range
ERROR:root:Error extracting entry text for Sliggoo: list index out of range
ERROR:root:Error extracting entry text for Hisuian Sliggoo: list index out of range
ERROR:root:Error extracting entry text for Goodra: list index out of range
ERROR:root:Error extracting entry text for Hisuian Goodra: list index out of range
ERROR:root:Error extracting entry text for Dewpider: list index out of range
ERROR:root:Error extracting entry text for Araquanid: list index out of range
ERROR:root:Error extracting entry text for Stufful: list index out of range
ERROR:root:Error extracting entry text for Bewear: list index out of range
ERROR:root:Error extracting entry text for Togedemaru: list index out of range
ERROR:root:Error extracting entry text for Drampa: list index out of range
ERROR:root:Error extracting entry text for Wooloo: list index out of range
ERROR:root:Error extracting entry text for Dubwool: list index out of range
ERROR:root:Error extracting entry text for Rolycoly: list index out of range
ERROR:root:Error extracting entry text for Carkol: list index out of range
ERROR:root:Error extracting entry text for Coalossal: list index out of range
ERROR:root:Error extracting entry text for Appletun: list index out of range
ERROR:root:Error extracting entry text for Sizzlipede: list index out of range
ERROR:root:Error extracting entry text for Centiskorch: list index out of range
ERROR:root:Error extracting entry text for Pincurchin: list index out of range
ERROR:root:Error extracting entry text for Dracozolt: list index out of range
ERROR:root:Error extracting entry text for Arctozolt: list index out of range
ERROR:root:Error extracting entry text for Dracovish: list index out of range
ERROR:root:Error extracting entry text for Arctovish: list index out of range
ERROR:root:Error extracting entry text for Wyrdeer: list index out of range
ERROR:root:Error extracting entry text for Lechonk: list index out of range
ERROR:root:Error extracting entry text for Male: list index out of range
ERROR:root:Error extracting entry text for Female: list index out of range
ERROR:root:Error extracting entry text for Pawmo: list index out of range
ERROR:root:Error extracting entry text for Pawmot: list index out of range
ERROR:root:Error extracting entry text for Dachsbun: list index out of range
ERROR:root:Error extracting entry text for Nacli: list index out of range
ERROR:root:Error extracting entry text for Naclstack: list index out of range
ERROR:root:Error extracting entry text for Garganacl: list index out of range
ERROR:root:Error extracting entry text for Charcadet: list index out of range
ERROR:root:Error extracting entry text for Armarouge: list index out of range
ERROR:root:Error extracting entry text for Ceruledge: list index out of range
ERROR:root:Error extracting entry text for Wattrel: list index out of range
ERROR:root:Error extracting entry text for Kilowattrel: list index out of range
ERROR:root:Error extracting entry text for Revavroom: list index out of range
ERROR:root:Error extracting entry text for Orthworm: list index out of range
ERROR:root:Error extracting entry text for Greavard: list index out of range
ERROR:root:Error extracting entry text for Houndstone: list index out of range
ERROR:root:Error extracting entry text for Cetoddle: list index out of range
ERROR:root:Error extracting entry text for Cetitan: list index out of range
ERROR:root:Error extracting entry text for Curly Form: list index out of range
ERROR:root:Error extracting entry text for Droopy Form: list index out of range
ERROR:root:Error extracting entry text for Stretchy Form: list index out of range
ERROR:root:Error extracting entry text for Clodsire: list index out of range
ERROR:root:Error extracting entry text for Farigiraf: list index out of range
ERROR:root:Error extracting entry text for Walking Wake: list index out of range
ERROR:root:Error extracting entry text for Iron Leaves: list index out of range
ERROR:root:Error extracting entry text for Dipplin: list index out of range
ERROR:root:Error extracting entry text for Poltchageist: list index out of range
ERROR:root:Error extracting entry text for Sinistcha: list index out of range
ERROR:root:Error extracting entry text for Okidogi: list index out of range
ERROR:root:Error extracting entry text for Munkidori: list index out of range
ERROR:root:Error extracting entry text for Fezandipiti: list index out of range
ERROR:root:Error extracting entry text for Archaludon: list index out of range
ERROR:root:Error extracting entry text for Hydrapple: list index out of range
ERROR:root:Error extracting entry text for Gouging Fire: list index out of range
ERROR:root:Error extracting entry text for Raging Bolt: list index out of range
ERROR:root:Error extracting entry text for Iron Boulder: list index out of range
ERROR:root:Error extracting entry text for Iron Crown: list index out of range
ERROR:root:Error extracting entry text for Pecharunt: list index out of range
